<?xml version="1.0" encoding="UTF-8"?>
<testsuite xmlns:xsi="http://www.w3.org/2001/XMLSchema-instance" xsi:noNamespaceSchemaLocation="https://maven.apache.org/surefire/maven-surefire-plugin/xsd/surefire-test-report-3.0.xsd" version="3.0" name="in.kmit.presentproject.AppTest" time="0.022" tests="1" errors="0" skipped="0" failures="0">
  <properties>
    <property name="java.specification.version" value="17"/>
    <property name="sun.cpu.isalist" value="amd64"/>
    <property name="sun.jnu.encoding" value="Cp1252"/>
    <property name="java.class.path" value="C:\Users\SNEHA CHINTHAKINDI\eclipse-workspace\presentproject\target\test-classes;C:\Users\SNEHA CHINTHAKINDI\eclipse-workspace\presentproject\target\classes;C:\Users\SNEHA CHINTHAKINDI\.m2\repository\junit\junit\3.8.1\junit-3.8.1.jar;"/>
    <property name="java.vm.vendor" value="Eclipse Adoptium"/>
    <property name="sun.arch.data.model" value="64"/>
    <property name="user.variant" value=""/>
    <property name="java.vendor.url" value="https://adoptium.net/"/>
    <property name="user.timezone" value="Asia/Calcutta"/>
    <property name="os.name" value="Windows 11"/>
    <property name="java.vm.specification.version" value="17"/>
    <property name="sun.java.launcher" value="SUN_STANDARD"/>
    <property name="user.country" value="IN"/>
    <property name="sun.boot.library.path" value="C:\Users\SNEHA CHINTHAKINDI\.p2\pool\plugins\org.eclipse.justj.openjdk.hotspot.jre.full.win32.x86_64_17.0.9.v20231028-0858\jre\bin"/>
    <property name="sun.java.command" value="C:\Users\SNEHA CHINTHAKINDI\AppData\Local\Temp\surefire4874313329644305451\surefirebooter-20240110192429446_3.jar C:\Users\SNEHA CHINTHAKINDI\AppData\Local\Temp\surefire4874313329644305451 2024-01-10T19-24-29_253-jvmRun1 surefire-20240110192429446_1tmp surefire_0-20240110192429446_2tmp"/>
    <property name="jdk.debug" value="release"/>
    <property name="surefire.test.class.path" value="C:\Users\SNEHA CHINTHAKINDI\eclipse-workspace\presentproject\target\test-classes;C:\Users\SNEHA CHINTHAKINDI\eclipse-workspace\presentproject\target\classes;C:\Users\SNEHA CHINTHAKINDI\.m2\repository\junit\junit\3.8.1\junit-3.8.1.jar;"/>
    <property name="sun.cpu.endian" value="little"/>
    <property name="user.home" value="C:\Users\SNEHA CHINTHAKINDI"/>
    <property name="user.language" value="en"/>
    <property name="java.specification.vendor" value="Oracle Corporation"/>
    <property name="java.version.date" value="2023-10-17"/>
    <property name="java.home" value="C:\Users\SNEHA CHINTHAKINDI\.p2\pool\plugins\org.eclipse.justj.openjdk.hotspot.jre.full.win32.x86_64_17.0.9.v20231028-0858\jre"/>
    <property name="file.separator" value="\"/>
    <property name="style.color" value="always"/>
    <property name="basedir" value="C:\Users\SNEHA CHINTHAKINDI\eclipse-workspace\presentproject"/>
    <property name="java.vm.compressedOopsMode" value="Zero based"/>
    <property name="line.separator" value="&#10;"/>
    <property name="java.vm.specification.vendor" value="Oracle Corporation"/>
    <property name="java.specification.name" value="Java Platform API Specification"/>
    <property name="surefire.real.class.path" value="C:\Users\SNEHA CHINTHAKINDI\AppData\Local\Temp\surefire4874313329644305451\surefirebooter-20240110192429446_3.jar"/>
    <property name="user.script" value=""/>
    <property name="sun.management.compiler" value="HotSpot 64-Bit Tiered Compilers"/>
    <property name="java.runtime.version" value="17.0.9+9"/>
    <property name="user.name" value="SNEHA CHINTHAKINDI"/>
    <property name="path.separator" value=";"/>
    <property name="os.version" value="10.0"/>
    <property name="java.runtime.name" value="OpenJDK Runtime Environment"/>
    <property name="file.encoding" value="Cp1252"/>
    <property name="java.vm.name" value="OpenJDK 64-Bit Server VM"/>
    <property name="java.vendor.version" value="Temurin-17.0.9+9"/>
    <property name="localRepository" value="C:\Users\SNEHA CHINTHAKINDI\.m2\repository"/>
    <property name="java.vendor.url.bug" value="https://github.com/adoptium/adoptium-support/issues"/>
    <property name="java.io.tmpdir" value="C:\Users\SNEHAC~1\AppData\Local\Temp\"/>
    <property name="java.version" value="17.0.9"/>
    <property name="user.dir" value="C:\Users\SNEHA CHINTHAKINDI\eclipse-workspace\presentproject"/>
    <property name="os.arch" value="amd64"/>
    <property name="java.vm.specification.name" value="Java Virtual Machine Specification"/>
    <property name="sun.os.patch.level" value=""/>
    <property name="native.encoding" value="Cp1252"/>
    <property name="java.library.path" value="C:\Users\SNEHA CHINTHAKINDI\.p2\pool\plugins\org.eclipse.justj.openjdk.hotspot.jre.full.win32.x86_64_17.0.9.v20231028-0858\jre\bin;C:\WINDOWS\Sun\Java\bin;C:\WINDOWS\system32;C:\WINDOWS;C:/Users/SNEHA CHINTHAKINDI/.p2/pool/plugins/org.eclipse.justj.openjdk.hotspot.jre.full.win32.x86_64_17.0.9.v20231028-0858/jre/bin/server;C:/Users/SNEHA CHINTHAKINDI/.p2/pool/plugins/org.eclipse.justj.openjdk.hotspot.jre.full.win32.x86_64_17.0.9.v20231028-0858/jre/bin;C:\Program Files\Common Files\Oracle\Java\javapath;C:\WINDOWS\system32;C:\WINDOWS;C:\WINDOWS\System32\Wbem;C:\WINDOWS\System32\WindowsPowerShell\v1.0\;C:\WINDOWS\System32\OpenSSH\;C:\Program Files\dotnet\;C:\Program Files\Java\jdk1.6.0_45\bin;C:\Program Files\MySQL\MySQL Server 8.0\bin;C:\Users\SNEHA CHINTHAKINDI\AppData\Local\Microsoft\WindowsApps\python.exe;C:\Program Files\nodejs\;C:\Program Files\Java\jdk-11\bin;C:\Program Files\Git\cmd;C:\Users\SNEHA CHINTHAKINDI\AppData\Local\Programs\Python\Python311\Scripts\;C:\Users\SNEHA CHINTHAKINDI\AppData\Local\Programs\Python\Python311\;C:\Users\SNEHA CHINTHAKINDI\AppData\Local\Microsoft\WindowsApps;C:\Program Files\Java\jdk1.6.0_45\bin;;C:\Users\SNEHA CHINTHAKINDI\AppData\Local\Programs\Microsoft VS Code\bin;C:\Users\SNEHA CHINTHAKINDI\AppData\Roaming\npm;C:\WINDOWS\System32;;."/>
    <property name="java.vm.info" value="mixed mode"/>
    <property name="java.vendor" value="Eclipse Adoptium"/>
    <property name="java.vm.version" value="17.0.9+9"/>
    <property name="sun.io.unicode.encoding" value="UnicodeLittle"/>
    <property name="java.class.version" value="61.0"/>
  </properties>
  <testcase name="testApp" classname="in.kmit.presentproject.AppTest" time="0.002"/>
</testsuite>